<?xml version="1.0" encoding="UTF-8"?>
<testng-results ignored="0" total="1" passed="1" failed="0" skipped="0">
  <reporter-output>
  </reporter-output>
  <suite started-at="2024-05-23T19:50:56 IST" name="Default suite" finished-at="2024-05-23T19:51:02 IST" duration-ms="6494">
    <groups>
    </groups>
    <test started-at="2024-05-23T19:50:56 IST" name="Default test" finished-at="2024-05-23T19:51:02 IST" duration-ms="6494">
      <class name="DibyanshVerma.ExtendReports.ExtentReportDemo">
        <test-method is-config="true" signature="config()[pri:0, instance:DibyanshVerma.ExtendReports.ExtentReportDemo@6ed3ccb2]" started-at="2024-05-23T19:50:56 IST" name="config" finished-at="2024-05-23T19:50:56 IST" duration-ms="306" status="PASS">
          <reporter-output>
          </reporter-output>
        </test-method> <!-- config -->
        <test-method signature="initialDemo()[pri:0, instance:DibyanshVerma.ExtendReports.ExtentReportDemo@6ed3ccb2]" started-at="2024-05-23T19:50:56 IST" name="initialDemo" finished-at="2024-05-23T19:51:02 IST" duration-ms="6144" status="PASS">
          <reporter-output>
          </reporter-output>
        </test-method> <!-- initialDemo -->
      </class> <!-- DibyanshVerma.ExtendReports.ExtentReportDemo -->
    </test> <!-- Default test -->
  </suite> <!-- Default suite -->
</testng-results>
