<?xml version="1.0" encoding="UTF-8"?>
<testng-results ignored="0" total="1" passed="1" failed="0" skipped="0">
  <reporter-output>
  </reporter-output>
  <suite started-at="2024-05-11T11:55:48 IST" name="Default suite" finished-at="2024-05-11T11:55:53 IST" duration-ms="4364">
    <groups>
    </groups>
    <test started-at="2024-05-11T11:55:48 IST" name="Default test" finished-at="2024-05-11T11:55:53 IST" duration-ms="4364">
      <class name="DibyanshVerma.ExtendReports.ExtentReportDemo">
        <test-method is-config="true" signature="config()[pri:0, instance:DibyanshVerma.ExtendReports.ExtentReportDemo@4d1c00d0]" started-at="2024-05-11T11:55:48 IST" name="config" finished-at="2024-05-11T11:55:48 IST" duration-ms="178" status="PASS">
          <reporter-output>
          </reporter-output>
        </test-method> <!-- config -->
        <test-method signature="initialDemo()[pri:0, instance:DibyanshVerma.ExtendReports.ExtentReportDemo@4d1c00d0]" started-at="2024-05-11T11:55:49 IST" name="initialDemo" finished-at="2024-05-11T11:55:53 IST" duration-ms="4122" status="PASS">
          <reporter-output>
          </reporter-output>
        </test-method> <!-- initialDemo -->
      </class> <!-- DibyanshVerma.ExtendReports.ExtentReportDemo -->
    </test> <!-- Default test -->
  </suite> <!-- Default suite -->
</testng-results>
